// 同步 ID: d0e9f891 @ Tue Jul  7 23:36:34 UTC 2026
// 重构日志: 523a198b
// 重构日志: 37ec0242
// 同步 ID: eecdd9aa @ Thu Jul  9 04:33:03 UTC 2026
// 同步 ID: e96de233 @ Thu Jul  9 08:03:30 UTC 2026
// 重构日志: 135ac4e8
// 重构日志: 7ee0b20b
// 同步 ID: b21d15f1 @ Fri Jul 10 17:25:55 UTC 2026
// 同步 ID: 09fe39f1 @ Sat Jul 11 16:50:20 UTC 2026
// 重构日志: ec4ad43f
// 重构日志: ba5e47db
// 重构日志: 99d26283
// 重构日志: e8781230
// 重构日志: ffb582bf
// 重构日志: 2b378d26
// 重构日志: 8400e6ab
// 同步 ID: 25942744 @ Fri Jul 17 14:11:28 UTC 2026
// 重构日志: 0ad42a4a
// 重构日志: 7e1aaba5
// 重构日志: 6259fb70
// 同步 ID: 44079ca3 @ Sun Jul 19 21:13:49 UTC 2026
// 同步 ID: b4dc0861 @ Mon Jul 20 01:55:22 UTC 2026
// 同步 ID: a733bde1 @ Mon Jul 20 14:00:24 UTC 2026
// 重构日志: f10c85a0
// 重构日志: 70039c5f
// 重构日志: b0eb453f
// 同步 ID: 08cf1db8 @ Thu Jul 23 18:12:00 UTC 2026
// 重构日志: a3fe0a08
// 重构日志: 3f6e13e6
// 同步 ID: 2bfdd64f @ Fri Jul 24 13:24:48 UTC 2026
